# JRE version: OpenJDK Runtime Environment (11.0.10) (build 11.0.10+0-b96-7249189)
# Java VM: OpenJDK 64-Bit Server VM (11.0.10+0-b96-7249189, mixed mode, tiered, compressed oops, g1 gc, windows-amd64)
Heap:
 garbage-first heap   total 323584K, used 128349K [0x0000000080000000, 0x0000000100000000)
  region size 1024K, 7 young (7168K), 7 survivors (7168K)
 Metaspace       used 121178K, capacity 124333K, committed 124376K, reserved 1157120K
  class space    used 15237K, capacity 16359K, committed 16384K, reserved 1048576K
GC Heap History (20 events):
Event: 698.206 GC heap after
{Heap after GC invocations=64 (full 0):
 garbage-first heap   total 155648K, used 130081K [0x0000000080000000, 0x0000000100000000)
  region size 1024K, 1 young (1024K), 1 survivors (1024K)
 Metaspace       used 109955K, capacity 112934K, committed 113240K, reserved 1146880K
  class space    used 14082K, capacity 15158K, committed 15232K, reserved 1048576K
}
Event: 698.508 GC heap before
{Heap before GC invocations=65 (full 0):
 garbage-first heap   total 155648K, used 136225K [0x0000000080000000, 0x0000000100000000)
  region size 1024K, 7 young (7168K), 1 survivors (1024K)
 Metaspace       used 109960K, capacity 112934K, committed 113240K, reserved 1146880K
  class space    used 14082K, capacity 15158K, committed 15232K, reserved 1048576K
}
Event: 698.510 GC heap after
{Heap after GC invocations=66 (full 0):
 garbage-first heap   total 187392K, used 130081K [0x0000000080000000, 0x0000000100000000)
  region size 1024K, 1 young (1024K), 1 survivors (1024K)
 Metaspace       used 109960K, capacity 112934K, committed 113240K, reserved 1146880K
  class space    used 14082K, capacity 15158K, committed 15232K, reserved 1048576K
}
Event: 698.602 GC heap before
{Heap before GC invocations=66 (full 0):
 garbage-first heap   total 187392K, used 146465K [0x0000000080000000, 0x0000000100000000)
  region size 1024K, 10 young (10240K), 1 survivors (1024K)
 Metaspace       used 109984K, capacity 112940K, committed 113240K, reserved 1146880K
  class space    used 14085K, capacity 15160K, committed 15232K, reserved 1048576K
}
Event: 698.607 GC heap after
{Heap after GC invocations=67 (full 0):
 garbage-first heap   total 187392K, used 137873K [0x0000000080000000, 0x0000000100000000)
  region size 1024K, 3 young (3072K), 3 survivors (3072K)
 Metaspace       used 109984K, capacity 112940K, committed 113240K, reserved 1146880K
  class space    used 14085K, capacity 15160K, committed 15232K, reserved 1048576K
}
Event: 698.764 GC heap before
{Heap before GC invocations=67 (full 0):
 garbage-first heap   total 187392K, used 160401K [0x0000000080000000, 0x0000000100000000)
  region size 1024K, 20 young (20480K), 3 survivors (3072K)
 Metaspace       used 110492K, capacity 113498K, committed 113752K, reserved 1148928K
  class space    used 14117K, capacity 15206K, committed 15232K, reserved 1048576K
}
Event: 698.770 GC heap after
{Heap after GC invocations=68 (full 0):
 garbage-first heap   total 187392K, used 136414K [0x0000000080000000, 0x0000000100000000)
  region size 1024K, 3 young (3072K), 3 survivors (3072K)
 Metaspace       used 110492K, capacity 113498K, committed 113752K, reserved 1148928K
  class space    used 14117K, capacity 15206K, committed 15232K, reserved 1048576K
}
Event: 699.003 GC heap before
{Heap before GC invocations=69 (full 0):
 garbage-first heap   total 187392K, used 152798K [0x0000000080000000, 0x0000000100000000)
  region size 1024K, 20 young (20480K), 3 survivors (3072K)
 Metaspace       used 113097K, capacity 116085K, committed 116312K, reserved 1150976K
  class space    used 14328K, capacity 15398K, committed 15488K, reserved 1048576K
}
Event: 699.008 GC heap after
{Heap after GC invocations=70 (full 0):
 garbage-first heap   total 187392K, used 138359K [0x0000000080000000, 0x0000000100000000)
  region size 1024K, 2 young (2048K), 2 survivors (2048K)
 Metaspace       used 113097K, capacity 116085K, committed 116312K, reserved 1150976K
  class space    used 14328K, capacity 15398K, committed 15488K, reserved 1048576K
}
Event: 699.201 GC heap before
{Heap before GC invocations=70 (full 0):
 garbage-first heap   total 187392K, used 154743K [0x0000000080000000, 0x0000000100000000)
  region size 1024K, 19 young (19456K), 2 survivors (2048K)
 Metaspace       used 113666K, capacity 116661K, committed 116824K, reserved 1150976K
  class space    used 14365K, capacity 15462K, committed 15488K, reserved 1048576K
}
Event: 699.209 GC heap after
{Heap after GC invocations=71 (full 0):
 garbage-first heap   total 268288K, used 140897K [0x0000000080000000, 0x0000000100000000)
  region size 1024K, 3 young (3072K), 3 survivors (3072K)
 Metaspace       used 113666K, capacity 116661K, committed 116824K, reserved 1150976K
  class space    used 14365K, capacity 15462K, committed 15488K, reserved 1048576K
}
Event: 699.682 GC heap before
{Heap before GC invocations=72 (full 0):
 garbage-first heap   total 268288K, used 180833K [0x0000000080000000, 0x0000000100000000)
  region size 1024K, 49 young (50176K), 3 survivors (3072K)
 Metaspace       used 114206K, capacity 117173K, committed 117336K, reserved 1150976K
  class space    used 14391K, capacity 15462K, committed 15488K, reserved 1048576K
}
Event: 699.686 GC heap after
{Heap after GC invocations=73 (full 0):
 garbage-first heap   total 268288K, used 134653K [0x0000000080000000, 0x0000000100000000)
  region size 1024K, 3 young (3072K), 3 survivors (3072K)
 Metaspace       used 114206K, capacity 117173K, committed 117336K, reserved 1150976K
  class space    used 14391K, capacity 15462K, committed 15488K, reserved 1048576K
}
Event: 699.815 GC heap before
{Heap before GC invocations=73 (full 0):
 garbage-first heap   total 268288K, used 143869K [0x0000000080000000, 0x0000000100000000)
  region size 1024K, 13 young (13312K), 3 survivors (3072K)
 Metaspace       used 114761K, capacity 117757K, committed 117976K, reserved 1150976K
  class space    used 14436K, capacity 15527K, committed 15616K, reserved 1048576K
}
Event: 699.819 GC heap after
{Heap after GC invocations=74 (full 0):
 garbage-first heap   total 268288K, used 120619K [0x0000000080000000, 0x0000000100000000)
  region size 1024K, 1 young (1024K), 1 survivors (1024K)
 Metaspace       used 114761K, capacity 117757K, committed 117976K, reserved 1150976K
  class space    used 14436K, capacity 15527K, committed 15616K, reserved 1048576K
}
Event: 702.501 GC heap before
{Heap before GC invocations=74 (full 0):
 garbage-first heap   total 268288K, used 181035K [0x0000000080000000, 0x0000000100000000)
  region size 1024K, 61 young (62464K), 1 survivors (1024K)
 Metaspace       used 118464K, capacity 121454K, committed 121688K, reserved 1155072K
  class space    used 14906K, capacity 15989K, committed 16000K, reserved 1048576K
}
Event: 702.507 GC heap after
{Heap after GC invocations=75 (full 0):
 garbage-first heap   total 268288K, used 122188K [0x0000000080000000, 0x0000000100000000)
  region size 1024K, 3 young (3072K), 3 survivors (3072K)
 Metaspace       used 118464K, capacity 121454K, committed 121688K, reserved 1155072K
  class space    used 14906K, capacity 15989K, committed 16000K, reserved 1048576K
}
Event: 707.076 GC heap before
{Heap before GC invocations=75 (full 0):
 garbage-first heap   total 268288K, used 186700K [0x0000000080000000, 0x0000000100000000)
  region size 1024K, 67 young (68608K), 3 survivors (3072K)
 Metaspace       used 120137K, capacity 123223K, committed 123480K, reserved 1157120K
  class space    used 15100K, capacity 16227K, committed 16256K, reserved 1048576K
}
Event: 707.098 GC heap after
{Heap after GC invocations=76 (full 0):
 garbage-first heap   total 268288K, used 127044K [0x0000000080000000, 0x0000000100000000)
  region size 1024K, 7 young (7168K), 7 survivors (7168K)
 Metaspace       used 120137K, capacity 123223K, committed 123480K, reserved 1157120K
  class space    used 15100K, capacity 16227K, committed 16256K, reserved 1048576K
}
Event: 707.934 GC heap before
{Heap before GC invocations=76 (full 0):
 garbage-first heap   total 268288K, used 195652K [0x0000000080000000, 0x0000000100000000)
  region size 1024K, 73 young (74752K), 7 survivors (7168K)
 Metaspace       used 121178K, capacity 124333K, committed 124376K, reserved 1157120K
  class space    used 15237K, capacity 16359K, committed 16384K, reserved 1048576K
}

